2024-01-05 19:23:08,280 INFO:Alpaca REST API client initialized successfully
2024-01-05 19:23:09,075 INFO:Websocket connected
2024-01-05 19:23:09,076 INFO:WebSocket connection opened
2024-01-05 19:31:30,574 ERROR:WebSocket error: Connection to remote host was lost.
2024-01-05 19:31:30,577 ERROR:Connection to remote host was lost. - goodbye
2024-01-05 19:31:30,577 INFO:WebSocket closed with code: None, message: None
2024-01-05 19:34:25,498 INFO:Alpaca REST API client initialized successfully
2024-01-05 19:35:05,721 INFO:Websocket connected
2024-01-05 19:35:05,728 INFO:WebSocket connection opened
2024-01-05 19:37:00,517 ERROR:WebSocket error: Connection to remote host was lost.
2024-01-05 19:37:00,518 ERROR:Connection to remote host was lost. - goodbye
2024-01-05 19:37:00,518 INFO:WebSocket closed with code: None, message: None
2024-01-05 19:49:32,195 INFO:Alpaca REST API client initialized successfully
2024-01-05 19:49:35,158 INFO:Websocket connected
2024-01-05 19:49:35,158 INFO:WebSocket connection opened
2024-01-05 20:27:49,363 INFO:Alpaca REST API client initialized successfully
2024-01-05 20:27:50,989 INFO:Websocket connected
2024-01-05 20:27:50,989 INFO:WebSocket connection opened
2024-01-05 20:40:31,054 INFO:Alpaca REST API client initialized successfully
2024-01-05 20:40:31,900 INFO:Websocket connected
2024-01-05 20:40:31,900 INFO:WebSocket connection opened
2024-01-05 22:43:57,221 INFO:Alpaca REST API client initialized successfully
2024-01-05 22:43:58,761 INFO:Websocket connected
2024-01-05 22:43:58,761 INFO:WebSocket connection opened
